razorpay/build/intermediates/manifest_merge_blame_file/debug/manifest-merger-blame-debug-report.txt
1<?xml version="1.0" encoding="utf-8"?>
2<manifest xmlns:android="http://schemas.android.com/apk/res/android"
3    package="com.razorpay.newsampleapp"
4    android:versionCode="24"
5    android:versionName="3.4" >
6
7    <uses-sdk
8        android:minSdkVersion="19"
8-->src\main\AndroidManifest.xml
9        android:targetSdkVersion="30" />
9-->src\main\AndroidManifest.xml
10
11    <uses-permission android:name="android.permission.INTERNET" />
11-->[com.razorpay:checkout:1.6.7] AndroidManifest.xml:9:5-67
11-->[com.razorpay:checkout:1.6.7] AndroidManifest.xml:9:22-64
12
13    <application
13-->src\main\AndroidManifest.xml:10:5-31:19
14        android:appComponentFactory="androidx.core.app.CoreComponentFactory"
14-->[androidx.core:core:1.3.2] AndroidManifest.xml:24:18-86
15        android:icon="@mipmap/ic_launcher"
15-->src\main\AndroidManifest.xml:11:9-43
16        android:label="Razorpay Sample App"
16-->src\main\AndroidManifest.xml:12:9-44
17        android:testOnly="true"
18        android:theme="@style/AppTheme" >
18-->src\main\AndroidManifest.xml:13:9-40
19        <activity android:name="com.razorpay.sampleapp.kotlin.PaymentActivity" >
19-->src\main\AndroidManifest.xml:16:9-23:20
19-->src\main\AndroidManifest.xml:16:19-57
20            <intent-filter>
20-->src\main\AndroidManifest.xml:17:13-21:29
21                <action android:name="android.intent.action.MAIN" />
21-->src\main\AndroidManifest.xml:18:17-69
21-->src\main\AndroidManifest.xml:18:25-66
22
23                <category android:name="android.intent.category.LAUNCHER" />
23-->src\main\AndroidManifest.xml:20:17-77
23-->src\main\AndroidManifest.xml:20:27-74
24            </intent-filter>
25        </activity>
26
27        <!-- Add your API key here -->
28        <meta-data
28-->src\main\AndroidManifest.xml:26:9-29:15
29            android:name="com.razorpay.ApiKey"
29-->src\main\AndroidManifest.xml:27:13-47
30            android:value="rzp_test_cmHOWJUxoDR8zN" />
30-->src\main\AndroidManifest.xml:28:13-52
31
32        <receiver android:name="com.razorpay.RzpTokenReceiver" >
32-->[com.razorpay:checkout:1.6.7] AndroidManifest.xml:12:9-16:20
32-->[com.razorpay:checkout:1.6.7] AndroidManifest.xml:12:19-63
33            <intent-filter>
33-->[com.razorpay:checkout:1.6.7] AndroidManifest.xml:13:13-15:29
34                <action android:name="rzp.device_token.share" />
34-->[com.razorpay:checkout:1.6.7] AndroidManifest.xml:14:17-65
34-->[com.razorpay:checkout:1.6.7] AndroidManifest.xml:14:25-62
35            </intent-filter>
36        </receiver>
37
38        <activity
38-->[com.razorpay:checkout:1.6.7] AndroidManifest.xml:18:9-29:20
39            android:name="com.razorpay.CheckoutActivity"
39-->[com.razorpay:checkout:1.6.7] AndroidManifest.xml:19:13-57
40            android:configChanges="keyboard|keyboardHidden|orientation|screenSize"
40-->[com.razorpay:checkout:1.6.7] AndroidManifest.xml:20:13-83
41            android:theme="@style/CheckoutTheme" >
41-->[com.razorpay:checkout:1.6.7] AndroidManifest.xml:21:13-49
42            <intent-filter>
42-->[com.razorpay:checkout:1.6.7] AndroidManifest.xml:22:13-28:29
43                <action android:name="android.intent.action.MAIN" />
43-->src\main\AndroidManifest.xml:18:17-69
43-->src\main\AndroidManifest.xml:18:25-66
44
45                <data
45-->[com.razorpay:checkout:1.6.7] AndroidManifest.xml:25:17-27:47
46                    android:host="rzp.io"
46-->[com.razorpay:checkout:1.6.7] AndroidManifest.xml:26:21-42
47                    android:scheme="io.rzp" />
47-->[com.razorpay:checkout:1.6.7] AndroidManifest.xml:27:21-44
48            </intent-filter>
49        </activity>
50        <activity
50-->[com.google.android.gms:play-services-auth:17.0.0] AndroidManifest.xml:23:9-27:75
51            android:name="com.google.android.gms.auth.api.signin.internal.SignInHubActivity"
51-->[com.google.android.gms:play-services-auth:17.0.0] AndroidManifest.xml:24:13-93
52            android:excludeFromRecents="true"
52-->[com.google.android.gms:play-services-auth:17.0.0] AndroidManifest.xml:25:13-46
53            android:exported="false"
53-->[com.google.android.gms:play-services-auth:17.0.0] AndroidManifest.xml:26:13-37
54            android:theme="@android:style/Theme.Translucent.NoTitleBar" />
54-->[com.google.android.gms:play-services-auth:17.0.0] AndroidManifest.xml:27:13-72
55        <!--
56            Service handling Google Sign-In user revocation. For apps that do not integrate with
57            Google Sign-In, this service will never be started.
58        -->
59        <service
59-->[com.google.android.gms:play-services-auth:17.0.0] AndroidManifest.xml:33:9-36:110
60            android:name="com.google.android.gms.auth.api.signin.RevocationBoundService"
60-->[com.google.android.gms:play-services-auth:17.0.0] AndroidManifest.xml:34:13-89
61            android:exported="true"
61-->[com.google.android.gms:play-services-auth:17.0.0] AndroidManifest.xml:35:13-36
62            android:permission="com.google.android.gms.auth.api.signin.permission.REVOCATION_NOTIFICATION" />
62-->[com.google.android.gms:play-services-auth:17.0.0] AndroidManifest.xml:36:13-107
63
64        <activity
64-->[com.google.android.gms:play-services-base:17.0.0] AndroidManifest.xml:23:9-26:75
65            android:name="com.google.android.gms.common.api.GoogleApiActivity"
65-->[com.google.android.gms:play-services-base:17.0.0] AndroidManifest.xml:24:13-79
66            android:exported="false"
66-->[com.google.android.gms:play-services-base:17.0.0] AndroidManifest.xml:25:13-37
67            android:theme="@android:style/Theme.Translucent.NoTitleBar" />
67-->[com.google.android.gms:play-services-base:17.0.0] AndroidManifest.xml:26:13-72
68
69        <meta-data
69-->[com.google.android.gms:play-services-basement:17.0.0] AndroidManifest.xml:23:9-25:69
70            android:name="com.google.android.gms.version"
70-->[com.google.android.gms:play-services-basement:17.0.0] AndroidManifest.xml:24:13-58
71            android:value="@integer/google_play_services_version" />
71-->[com.google.android.gms:play-services-basement:17.0.0] AndroidManifest.xml:25:13-66
72    </application>
73
74</manifest>